# JRE version: Java(TM) SE Runtime Environment (8.0_201-b09) (build 1.8.0_201-b09)
# Java VM: Java HotSpot(TM) 64-Bit Server VM (25.201-b09 mixed mode linux-amd64 compressed oops)
Heap:
 PSYoungGen      total 269312K, used 185578K [0x00000000ec700000, 0x0000000100000000, 0x0000000100000000)
  eden space 226304K, 66% used [0x00000000ec700000,0x00000000f5a9cb58,0x00000000fa400000)
  from space 43008K, 80% used [0x00000000fd600000,0x00000000ff79e010,0x0000000100000000)
  to   space 47104K, 0% used [0x00000000fa400000,0x00000000fa400000,0x00000000fd200000)
 ParOldGen       total 100352K, used 77305K [0x00000000c5400000, 0x00000000cb600000, 0x00000000ec700000)
  object space 100352K, 77% used [0x00000000c5400000,0x00000000c9f7e558,0x00000000cb600000)
 Metaspace       used 36655K, capacity 37490K, committed 37632K, reserved 1083392K
  class space    used 4333K, capacity 4577K, committed 4608K, reserved 1048576K
GC Heap History (10 events):
Event: 10.312 GC heap before
{Heap before GC invocations=10 (full 1):
 PSYoungGen      total 192000K, used 191986K [0x00000000ec700000, 0x00000000fc900000, 0x0000000100000000)
  eden space 182784K, 100% used [0x00000000ec700000,0x00000000f7980000,0x00000000f7980000)
  from space 9216K, 99% used [0x00000000fc000000,0x00000000fc8fc830,0x00000000fc900000)
  to   space 14336K, 0% used [0x00000000fad00000,0x00000000fad00000,0x00000000fbb00000)
 ParOldGen       total 43520K, used 22296K [0x00000000c5400000, 0x00000000c7e80000, 0x00000000ec700000)
  object space 43520K, 51% used [0x00000000c5400000,0x00000000c69c6020,0x00000000c7e80000)
 Metaspace       used 29126K, capacity 29902K, committed 30080K, reserved 1075200K
  class space    used 3396K, capacity 3610K, committed 3712K, reserved 1048576K
Event: 10.390 GC heap after
Heap after GC invocations=10 (full 1):
 PSYoungGen      total 249856K, used 14323K [0x00000000ec700000, 0x00000000fe580000, 0x0000000100000000)
  eden space 235520K, 0% used [0x00000000ec700000,0x00000000ec700000,0x00000000fad00000)
  from space 14336K, 99% used [0x00000000fad00000,0x00000000fbafcfe8,0x00000000fbb00000)
  to   space 26112K, 0% used [0x00000000fcc00000,0x00000000fcc00000,0x00000000fe580000)
 ParOldGen       total 46080K, used 45657K [0x00000000c5400000, 0x00000000c8100000, 0x00000000ec700000)
  object space 46080K, 99% used [0x00000000c5400000,0x00000000c80967b0,0x00000000c8100000)
 Metaspace       used 29126K, capacity 29902K, committed 30080K, reserved 1075200K
  class space    used 3396K, capacity 3610K, committed 3712K, reserved 1048576K
}
Event: 10.390 GC heap before
{Heap before GC invocations=11 (full 2):
 PSYoungGen      total 249856K, used 14323K [0x00000000ec700000, 0x00000000fe580000, 0x0000000100000000)
  eden space 235520K, 0% used [0x00000000ec700000,0x00000000ec700000,0x00000000fad00000)
  from space 14336K, 99% used [0x00000000fad00000,0x00000000fbafcfe8,0x00000000fbb00000)
  to   space 26112K, 0% used [0x00000000fcc00000,0x00000000fcc00000,0x00000000fe580000)
 ParOldGen       total 46080K, used 45657K [0x00000000c5400000, 0x00000000c8100000, 0x00000000ec700000)
  object space 46080K, 99% used [0x00000000c5400000,0x00000000c80967b0,0x00000000c8100000)
 Metaspace       used 29126K, capacity 29902K, committed 30080K, reserved 1075200K
  class space    used 3396K, capacity 3610K, committed 3712K, reserved 1048576K
Event: 10.700 GC heap after
Heap after GC invocations=11 (full 2):
 PSYoungGen      total 249856K, used 7010K [0x00000000ec700000, 0x00000000fe580000, 0x0000000100000000)
  eden space 235520K, 0% used [0x00000000ec700000,0x00000000ec700000,0x00000000fad00000)
  from space 14336K, 48% used [0x00000000fad00000,0x00000000fb3d89e8,0x00000000fbb00000)
  to   space 26112K, 0% used [0x00000000fcc00000,0x00000000fcc00000,0x00000000fe580000)
 ParOldGen       total 100352K, used 45955K [0x00000000c5400000, 0x00000000cb600000, 0x00000000ec700000)
  object space 100352K, 45% used [0x00000000c5400000,0x00000000c80e0db8,0x00000000cb600000)
 Metaspace       used 29121K, capacity 29888K, committed 30080K, reserved 1075200K
  class space    used 3394K, capacity 3607K, committed 3712K, reserved 1048576K
}
Event: 12.146 GC heap before
{Heap before GC invocations=12 (full 2):
 PSYoungGen      total 249856K, used 242530K [0x00000000ec700000, 0x00000000fe580000, 0x0000000100000000)
  eden space 235520K, 100% used [0x00000000ec700000,0x00000000fad00000,0x00000000fad00000)
  from space 14336K, 48% used [0x00000000fad00000,0x00000000fb3d89e8,0x00000000fbb00000)
  to   space 26112K, 0% used [0x00000000fcc00000,0x00000000fcc00000,0x00000000fe580000)
 ParOldGen       total 100352K, used 45955K [0x00000000c5400000, 0x00000000cb600000, 0x00000000ec700000)
  object space 100352K, 45% used [0x00000000c5400000,0x00000000c80e0db8,0x00000000cb600000)
 Metaspace       used 29139K, capacity 29888K, committed 30080K, reserved 1075200K
  class space    used 3394K, capacity 3607K, committed 3712K, reserved 1048576K
Event: 12.215 GC heap after
Heap after GC invocations=12 (full 2):
 PSYoungGen      total 256000K, used 26108K [0x00000000ec700000, 0x0000000100000000, 0x0000000100000000)
  eden space 229888K, 0% used [0x00000000ec700000,0x00000000ec700000,0x00000000fa780000)
  from space 26112K, 99% used [0x00000000fcc00000,0x00000000fe57f388,0x00000000fe580000)
  to   space 37376K, 0% used [0x00000000fa780000,0x00000000fa780000,0x00000000fcc00000)
 ParOldGen       total 100352K, used 65085K [0x00000000c5400000, 0x00000000cb600000, 0x00000000ec700000)
  object space 100352K, 64% used [0x00000000c5400000,0x00000000c938f6e8,0x00000000cb600000)
 Metaspace       used 29139K, capacity 29888K, committed 30080K, reserved 1075200K
  class space    used 3394K, capacity 3607K, committed 3712K, reserved 1048576K
}
Event: 13.320 GC heap before
{Heap before GC invocations=13 (full 2):
 PSYoungGen      total 256000K, used 255996K [0x00000000ec700000, 0x0000000100000000, 0x0000000100000000)
  eden space 229888K, 100% used [0x00000000ec700000,0x00000000fa780000,0x00000000fa780000)
  from space 26112K, 99% used [0x00000000fcc00000,0x00000000fe57f388,0x00000000fe580000)
  to   space 37376K, 0% used [0x00000000fa780000,0x00000000fa780000,0x00000000fcc00000)
 ParOldGen       total 100352K, used 65085K [0x00000000c5400000, 0x00000000cb600000, 0x00000000ec700000)
  object space 100352K, 64% used [0x00000000c5400000,0x00000000c938f6e8,0x00000000cb600000)
 Metaspace       used 29144K, capacity 29888K, committed 30080K, reserved 1075200K
  class space    used 3394K, capacity 3607K, committed 3712K, reserved 1048576K
Event: 13.372 GC heap after
Heap after GC invocations=13 (full 2):
 PSYoungGen      total 267264K, used 36158K [0x00000000ec700000, 0x0000000100000000, 0x0000000100000000)
  eden space 229888K, 0% used [0x00000000ec700000,0x00000000ec700000,0x00000000fa780000)
  from space 37376K, 96% used [0x00000000fa780000,0x00000000fcacfac0,0x00000000fcc00000)
  to   space 43008K, 0% used [0x00000000fd600000,0x00000000fd600000,0x0000000100000000)
 ParOldGen       total 100352K, used 77297K [0x00000000c5400000, 0x00000000cb600000, 0x00000000ec700000)
  object space 100352K, 77% used [0x00000000c5400000,0x00000000c9f7c558,0x00000000cb600000)
 Metaspace       used 29144K, capacity 29888K, committed 30080K, reserved 1075200K
  class space    used 3394K, capacity 3607K, committed 3712K, reserved 1048576K
}
Event: 14.739 GC heap before
{Heap before GC invocations=14 (full 2):
 PSYoungGen      total 267264K, used 266046K [0x00000000ec700000, 0x0000000100000000, 0x0000000100000000)
  eden space 229888K, 100% used [0x00000000ec700000,0x00000000fa780000,0x00000000fa780000)
  from space 37376K, 96% used [0x00000000fa780000,0x00000000fcacfac0,0x00000000fcc00000)
  to   space 43008K, 0% used [0x00000000fd600000,0x00000000fd600000,0x0000000100000000)
 ParOldGen       total 100352K, used 77297K [0x00000000c5400000, 0x00000000cb600000, 0x00000000ec700000)
  object space 100352K, 77% used [0x00000000c5400000,0x00000000c9f7c558,0x00000000cb600000)
 Metaspace       used 29147K, capacity 29888K, committed 30080K, reserved 1075200K
  class space    used 3394K, capacity 3607K, committed 3712K, reserved 1048576K
Event: 14.780 GC heap after
Heap after GC invocations=14 (full 2):
 PSYoungGen      total 269312K, used 34424K [0x00000000ec700000, 0x0000000100000000, 0x0000000100000000)
  eden space 226304K, 0% used [0x00000000ec700000,0x00000000ec700000,0x00000000fa400000)
  from space 43008K, 80% used [0x00000000fd600000,0x00000000ff79e010,0x0000000100000000)
  to   space 47104K, 0% used [0x00000000fa400000,0x00000000fa400000,0x00000000fd200000)
 ParOldGen       total 100352K, used 77305K [0x00000000c5400000, 0x00000000cb600000, 0x00000000ec700000)
  object space 100352K, 77% used [0x00000000c5400000,0x00000000c9f7e558,0x00000000cb600000)
 Metaspace       used 29147K, capacity 29888K, committed 30080K, reserved 1075200K
  class space    used 3394K, capacity 3607K, committed 3712K, reserved 1048576K
}

